# JRE version: OpenJDK Runtime Environment (8.0_152-b02) (build 1.8.0_152-release-1024-b02)
# Java VM: OpenJDK 64-Bit Server VM (25.152-b02 mixed mode windows-amd64 compressed oops)
Heap:
 PSYoungGen      total 202752K, used 109976K [0x00000000e0000000, 0x00000000edf80000, 0x0000000100000000)
  eden space 181760K, 48% used [0x00000000e0000000,0x00000000e56e7668,0x00000000eb180000)
  from space 20992K, 99% used [0x00000000eb180000,0x00000000ec5fed38,0x00000000ec600000)
  to   space 16384K, 0% used [0x00000000ec600000,0x00000000ec600000,0x00000000ed600000)
 ParOldGen       total 155136K, used 38667K [0x00000000a0000000, 0x00000000a9780000, 0x00000000e0000000)
  object space 155136K, 24% used [0x00000000a0000000,0x00000000a25c2d40,0x00000000a9780000)
 Metaspace       used 63767K, capacity 66448K, committed 66776K, reserved 1107968K
  class space    used 8433K, capacity 9101K, committed 9216K, reserved 1048576K
GC Heap History (10 events):
Event: 7.025 GC heap before
{Heap before GC invocations=10 (full 2):
 PSYoungGen      total 162304K, used 10881K [0x00000000e0000000, 0x00000000ed700000, 0x0000000100000000)
  eden space 150528K, 0% used [0x00000000e0000000,0x00000000e0000000,0x00000000e9300000)
  from space 11776K, 92% used [0x00000000e9f80000,0x00000000eaa207e8,0x00000000eab00000)
  to   space 12800K, 0% used [0x00000000e9300000,0x00000000e9300000,0x00000000e9f80000)
 ParOldGen       total 61440K, used 10304K [0x00000000a0000000, 0x00000000a3c00000, 0x00000000e0000000)
  object space 61440K, 16% used [0x00000000a0000000,0x00000000a0a10348,0x00000000a3c00000)
 Metaspace       used 34643K, capacity 35364K, committed 35416K, reserved 1079296K
  class space    used 4704K, capacity 4953K, committed 4992K, reserved 1048576K
Event: 7.125 GC heap after
Heap after GC invocations=10 (full 2):
 PSYoungGen      total 162304K, used 0K [0x00000000e0000000, 0x00000000ed700000, 0x0000000100000000)
  eden space 150528K, 0% used [0x00000000e0000000,0x00000000e0000000,0x00000000e9300000)
  from space 11776K, 0% used [0x00000000e9f80000,0x00000000e9f80000,0x00000000eab00000)
  to   space 12800K, 0% used [0x00000000e9300000,0x00000000e9300000,0x00000000e9f80000)
 ParOldGen       total 98816K, used 17640K [0x00000000a0000000, 0x00000000a6080000, 0x00000000e0000000)
  object space 98816K, 17% used [0x00000000a0000000,0x00000000a113a098,0x00000000a6080000)
 Metaspace       used 34643K, capacity 35364K, committed 35416K, reserved 1079296K
  class space    used 4704K, capacity 4953K, committed 4992K, reserved 1048576K
}
Event: 9.312 GC heap before
{Heap before GC invocations=11 (full 2):
 PSYoungGen      total 162304K, used 150528K [0x00000000e0000000, 0x00000000ed700000, 0x0000000100000000)
  eden space 150528K, 100% used [0x00000000e0000000,0x00000000e9300000,0x00000000e9300000)
  from space 11776K, 0% used [0x00000000e9f80000,0x00000000e9f80000,0x00000000eab00000)
  to   space 12800K, 0% used [0x00000000e9300000,0x00000000e9300000,0x00000000e9f80000)
 ParOldGen       total 98816K, used 17640K [0x00000000a0000000, 0x00000000a6080000, 0x00000000e0000000)
  object space 98816K, 17% used [0x00000000a0000000,0x00000000a113a098,0x00000000a6080000)
 Metaspace       used 47792K, capacity 49014K, committed 49240K, reserved 1091584K
  class space    used 6381K, capacity 6763K, committed 6784K, reserved 1048576K
Event: 9.334 GC heap after
Heap after GC invocations=11 (full 2):
 PSYoungGen      total 163328K, used 12797K [0x00000000e0000000, 0x00000000ed600000, 0x0000000100000000)
  eden space 150528K, 0% used [0x00000000e0000000,0x00000000e0000000,0x00000000e9300000)
  from space 12800K, 99% used [0x00000000e9300000,0x00000000e9f7f728,0x00000000e9f80000)
  to   space 16384K, 0% used [0x00000000ec600000,0x00000000ec600000,0x00000000ed600000)
 ParOldGen       total 98816K, used 22941K [0x00000000a0000000, 0x00000000a6080000, 0x00000000e0000000)
  object space 98816K, 23% used [0x00000000a0000000,0x00000000a1667460,0x00000000a6080000)
 Metaspace       used 47792K, capacity 49014K, committed 49240K, reserved 1091584K
  class space    used 6381K, capacity 6763K, committed 6784K, reserved 1048576K
}
Event: 11.891 GC heap before
{Heap before GC invocations=12 (full 2):
 PSYoungGen      total 163328K, used 151847K [0x00000000e0000000, 0x00000000ed600000, 0x0000000100000000)
  eden space 150528K, 92% used [0x00000000e0000000,0x00000000e87ca820,0x00000000e9300000)
  from space 12800K, 99% used [0x00000000e9300000,0x00000000e9f7f728,0x00000000e9f80000)
  to   space 16384K, 0% used [0x00000000ec600000,0x00000000ec600000,0x00000000ed600000)
 ParOldGen       total 98816K, used 22941K [0x00000000a0000000, 0x00000000a6080000, 0x00000000e0000000)
  object space 98816K, 23% used [0x00000000a0000000,0x00000000a1667460,0x00000000a6080000)
 Metaspace       used 56715K, capacity 58910K, committed 59028K, reserved 1099776K
  class space    used 7632K, capacity 8191K, committed 8192K, reserved 1048576K
Event: 11.930 GC heap after
Heap after GC invocations=12 (full 2):
 PSYoungGen      total 198144K, used 16366K [0x00000000e0000000, 0x00000000edf80000, 0x0000000100000000)
  eden space 181760K, 0% used [0x00000000e0000000,0x00000000e0000000,0x00000000eb180000)
  from space 16384K, 99% used [0x00000000ec600000,0x00000000ed5fbbe8,0x00000000ed600000)
  to   space 20992K, 0% used [0x00000000eb180000,0x00000000eb180000,0x00000000ec600000)
 ParOldGen       total 98816K, used 29901K [0x00000000a0000000, 0x00000000a6080000, 0x00000000e0000000)
  object space 98816K, 30% used [0x00000000a0000000,0x00000000a1d337b8,0x00000000a6080000)
 Metaspace       used 56715K, capacity 58910K, committed 59028K, reserved 1099776K
  class space    used 7632K, capacity 8191K, committed 8192K, reserved 1048576K
}
Event: 11.930 GC heap before
{Heap before GC invocations=13 (full 3):
 PSYoungGen      total 198144K, used 16366K [0x00000000e0000000, 0x00000000edf80000, 0x0000000100000000)
  eden space 181760K, 0% used [0x00000000e0000000,0x00000000e0000000,0x00000000eb180000)
  from space 16384K, 99% used [0x00000000ec600000,0x00000000ed5fbbe8,0x00000000ed600000)
  to   space 20992K, 0% used [0x00000000eb180000,0x00000000eb180000,0x00000000ec600000)
 ParOldGen       total 98816K, used 29901K [0x00000000a0000000, 0x00000000a6080000, 0x00000000e0000000)
  object space 98816K, 30% used [0x00000000a0000000,0x00000000a1d337b8,0x00000000a6080000)
 Metaspace       used 56715K, capacity 58910K, committed 59028K, reserved 1099776K
  class space    used 7632K, capacity 8191K, committed 8192K, reserved 1048576K
Event: 12.230 GC heap after
Heap after GC invocations=13 (full 3):
 PSYoungGen      total 198144K, used 0K [0x00000000e0000000, 0x00000000edf80000, 0x0000000100000000)
  eden space 181760K, 0% used [0x00000000e0000000,0x00000000e0000000,0x00000000eb180000)
  from space 16384K, 0% used [0x00000000ec600000,0x00000000ec600000,0x00000000ed600000)
  to   space 20992K, 0% used [0x00000000eb180000,0x00000000eb180000,0x00000000ec600000)
 ParOldGen       total 155136K, used 38518K [0x00000000a0000000, 0x00000000a9780000, 0x00000000e0000000)
  object space 155136K, 24% used [0x00000000a0000000,0x00000000a259d808,0x00000000a9780000)
 Metaspace       used 56681K, capacity 58790K, committed 59028K, reserved 1099776K
  class space    used 7622K, capacity 8151K, committed 8192K, reserved 1048576K
}
Event: 14.481 GC heap before
{Heap before GC invocations=14 (full 3):
 PSYoungGen      total 198144K, used 181760K [0x00000000e0000000, 0x00000000edf80000, 0x0000000100000000)
  eden space 181760K, 100% used [0x00000000e0000000,0x00000000eb180000,0x00000000eb180000)
  from space 16384K, 0% used [0x00000000ec600000,0x00000000ec600000,0x00000000ed600000)
  to   space 20992K, 0% used [0x00000000eb180000,0x00000000eb180000,0x00000000ec600000)
 ParOldGen       total 155136K, used 38518K [0x00000000a0000000, 0x00000000a9780000, 0x00000000e0000000)
  object space 155136K, 24% used [0x00000000a0000000,0x00000000a259d808,0x00000000a9780000)
 Metaspace       used 60384K, capacity 62610K, committed 62808K, reserved 1103872K
  class space    used 8154K, capacity 8744K, committed 8832K, reserved 1048576K
Event: 14.523 GC heap after
Heap after GC invocations=14 (full 3):
 PSYoungGen      total 202752K, used 20987K [0x00000000e0000000, 0x00000000edf80000, 0x0000000100000000)
  eden space 181760K, 0% used [0x00000000e0000000,0x00000000e0000000,0x00000000eb180000)
  from space 20992K, 99% used [0x00000000eb180000,0x00000000ec5fed38,0x00000000ec600000)
  to   space 16384K, 0% used [0x00000000ec600000,0x00000000ec600000,0x00000000ed600000)
 ParOldGen       total 155136K, used 38667K [0x00000000a0000000, 0x00000000a9780000, 0x00000000e0000000)
  object space 155136K, 24% used [0x00000000a0000000,0x00000000a25c2d40,0x00000000a9780000)
 Metaspace       used 60384K, capacity 62610K, committed 62808K, reserved 1103872K
  class space    used 8154K, capacity 8744K, committed 8832K, reserved 1048576K
}

